<?xml version="1.0" encoding="UTF-8"?>
<!-- Generated by org.testng.reporters.JUnitReportReporter -->
<testsuite hostname="DESKTOP-OEB8KDE" failures="0" tests="1" name="screenshot.CaptureScreenshot" time="3.478" errors="0" timestamp="2023-12-07T14:51:19 IST" skipped="0">
  <testcase classname="screenshot.CaptureScreenshot" name="takeScreenshot" time="3.478"/>
</testsuite> <!-- screenshot.CaptureScreenshot -->
